<?xml version="1.0" encoding="UTF-8"?>
<!-- Generated by org.testng.reporters.JUnitXMLReporter -->
<testsuite ignored="0" hostname="Lenovo" failures="0" tests="3" name="Test" time="50.888" errors="0" timestamp="2023-07-25T04:30:21 IST">
  <testcase classname="TestScenarios.DynDataHandling" name="capthaHandling" time="9.504"/>
  <testcase classname="TestScenarios.MouseHover" name="dragAndDrop" time="11.476"/>
  <testcase classname="TestScenarios.SwitchingWindows" name="switchWin" time="29.776"/>
</testsuite> <!-- Test -->
