<?xml version="1.0" encoding="UTF-8"?>
<!-- Generated by org.testng.reporters.JUnitXMLReporter -->
<testsuite ignored="0" hostname="Lenovo" failures="0" tests="3" name="Test" time="53.592" errors="0" timestamp="2023-07-27T04:27:22 IST">
  <testcase classname="TestScenarios.DynDataHandling" name="capthaHandling" time="13.552"/>
  <testcase classname="TestScenarios.MouseHover" name="dragAndDrop" time="10.547"/>
  <testcase classname="TestScenarios.SwitchingWindows" name="switchWin" time="29.369"/>
</testsuite> <!-- Test -->
