<?xml version="1.0" encoding="UTF-8"?>
<testng-results ignored="0" total="3" passed="3" failed="0" skipped="0">
  <reporter-output>
  </reporter-output>
  <suite started-at="2023-07-25T04:29:30 IST" name="Suite" finished-at="2023-07-25T04:30:21 IST" duration-ms="50888">
    <groups>
    </groups>
    <test started-at="2023-07-25T04:29:30 IST" name="Test" finished-at="2023-07-25T04:30:21 IST" duration-ms="50888">
      <class name="TestScenarios.MouseHover">
        <test-method signature="dragAndDrop()[pri:0, instance:TestScenarios.MouseHover@3023df74]" started-at="2023-07-25T04:29:40 IST" name="dragAndDrop" finished-at="2023-07-25T04:29:51 IST" duration-ms="11476" status="PASS">
          <reporter-output>
          </reporter-output>
        </test-method> <!-- dragAndDrop -->
      </class> <!-- TestScenarios.MouseHover -->
      <class name="TestScenarios.DynDataHandling">
        <test-method signature="capthaHandling()[pri:0, instance:TestScenarios.DynDataHandling@38d8f54a]" started-at="2023-07-25T04:29:30 IST" name="capthaHandling" finished-at="2023-07-25T04:29:40 IST" duration-ms="9504" status="PASS">
          <reporter-output>
          </reporter-output>
        </test-method> <!-- capthaHandling -->
      </class> <!-- TestScenarios.DynDataHandling -->
      <class name="TestScenarios.SwitchingWindows">
        <test-method signature="switchWin()[pri:0, instance:TestScenarios.SwitchingWindows@313ac989]" started-at="2023-07-25T04:29:51 IST" name="switchWin" finished-at="2023-07-25T04:30:21 IST" duration-ms="29776" status="PASS">
          <reporter-output>
          </reporter-output>
        </test-method> <!-- switchWin -->
      </class> <!-- TestScenarios.SwitchingWindows -->
    </test> <!-- Test -->
  </suite> <!-- Suite -->
</testng-results>
